<?xml version="1.0" encoding="UTF-8"?>
<testsuite xmlns:xsi="http://www.w3.org/2001/XMLSchema-instance" xsi:noNamespaceSchemaLocation="https://maven.apache.org/surefire/maven-surefire-plugin/xsd/surefire-test-report.xsd" name="com.WeatherRadar.app.AppTest" time="0.12" tests="1" errors="0" skipped="0" failures="0">
  <properties>
    <property name="java.specification.version" value="17"/>
    <property name="sun.jnu.encoding" value="UTF-8"/>
    <property name="java.class.path" value="/mnt/c/Users/mdias/OneDrive - Universidade de Aveiro/3º Ano/IES/IES_103415/lab1/lab1_2/MyWeatherRadar/target/test-classes:/mnt/c/Users/mdias/OneDrive - Universidade de Aveiro/3º Ano/IES/IES_103415/lab1/lab1_2/MyWeatherRadar/target/classes:/home/jsousa/.m2/repository/junit/junit/4.11/junit-4.11.jar:/home/jsousa/.m2/repository/org/hamcrest/hamcrest-core/1.3/hamcrest-core-1.3.jar:/home/jsousa/.m2/repository/com/google/code/gson/gson/2.9.1/gson-2.9.1.jar:/home/jsousa/.m2/repository/com/squareup/retrofit2/converter-gson/2.9.0/converter-gson-2.9.0.jar:/home/jsousa/.m2/repository/com/squareup/retrofit2/retrofit/2.9.0/retrofit-2.9.0.jar:/home/jsousa/.m2/repository/com/squareup/okhttp3/okhttp/3.14.9/okhttp-3.14.9.jar:/home/jsousa/.m2/repository/com/squareup/okio/okio/1.17.2/okio-1.17.2.jar:"/>
    <property name="java.vm.vendor" value="Private Build"/>
    <property name="sun.arch.data.model" value="64"/>
    <property name="java.vendor.url" value="Unknown"/>
    <property name="os.name" value="Linux"/>
    <property name="java.vm.specification.version" value="17"/>
    <property name="sun.java.launcher" value="SUN_STANDARD"/>
    <property name="sun.boot.library.path" value="/usr/lib/jvm/java-17-openjdk-amd64/lib"/>
    <property name="sun.java.command" value="/mnt/c/Users/mdias/OneDrive - Universidade de Aveiro/3º Ano/IES/IES_103415/lab1/lab1_2/MyWeatherRadar/target/surefire/surefirebooter14251140126749451894.jar /mnt/c/Users/mdias/OneDrive - Universidade de Aveiro/3º Ano/IES/IES_103415/lab1/lab1_2/MyWeatherRadar/target/surefire 2022-09-27T23-09-10_065-jvmRun1 surefire8187128197312298819tmp surefire_06716536656526410346tmp"/>
    <property name="jdk.debug" value="release"/>
    <property name="surefire.test.class.path" value="/mnt/c/Users/mdias/OneDrive - Universidade de Aveiro/3º Ano/IES/IES_103415/lab1/lab1_2/MyWeatherRadar/target/test-classes:/mnt/c/Users/mdias/OneDrive - Universidade de Aveiro/3º Ano/IES/IES_103415/lab1/lab1_2/MyWeatherRadar/target/classes:/home/jsousa/.m2/repository/junit/junit/4.11/junit-4.11.jar:/home/jsousa/.m2/repository/org/hamcrest/hamcrest-core/1.3/hamcrest-core-1.3.jar:/home/jsousa/.m2/repository/com/google/code/gson/gson/2.9.1/gson-2.9.1.jar:/home/jsousa/.m2/repository/com/squareup/retrofit2/converter-gson/2.9.0/converter-gson-2.9.0.jar:/home/jsousa/.m2/repository/com/squareup/retrofit2/retrofit/2.9.0/retrofit-2.9.0.jar:/home/jsousa/.m2/repository/com/squareup/okhttp3/okhttp/3.14.9/okhttp-3.14.9.jar:/home/jsousa/.m2/repository/com/squareup/okio/okio/1.17.2/okio-1.17.2.jar:"/>
    <property name="sun.cpu.endian" value="little"/>
    <property name="user.home" value="/home/jsousa"/>
    <property name="user.language" value="en"/>
    <property name="java.specification.vendor" value="Oracle Corporation"/>
    <property name="java.version.date" value="2022-07-19"/>
    <property name="java.home" value="/usr/lib/jvm/java-17-openjdk-amd64"/>
    <property name="file.separator" value="/"/>
    <property name="basedir" value="/mnt/c/Users/mdias/OneDrive - Universidade de Aveiro/3º Ano/IES/IES_103415/lab1/lab1_2/MyWeatherRadar"/>
    <property name="java.vm.compressedOopsMode" value="Zero based"/>
    <property name="line.separator" value="&#10;"/>
    <property name="java.vm.specification.vendor" value="Oracle Corporation"/>
    <property name="java.specification.name" value="Java Platform API Specification"/>
    <property name="surefire.real.class.path" value="/mnt/c/Users/mdias/OneDrive - Universidade de Aveiro/3º Ano/IES/IES_103415/lab1/lab1_2/MyWeatherRadar/target/surefire/surefirebooter14251140126749451894.jar"/>
    <property name="sun.management.compiler" value="HotSpot 64-Bit Tiered Compilers"/>
    <property name="java.runtime.version" value="17.0.4+8-Ubuntu-120.04"/>
    <property name="user.name" value="jsousa"/>
    <property name="path.separator" value=":"/>
    <property name="os.version" value="5.10.16.3-microsoft-standard-WSL2"/>
    <property name="java.runtime.name" value="OpenJDK Runtime Environment"/>
    <property name="file.encoding" value="UTF-8"/>
    <property name="java.vm.name" value="OpenJDK 64-Bit Server VM"/>
    <property name="localRepository" value="/home/jsousa/.m2/repository"/>
    <property name="java.vendor.url.bug" value="Unknown"/>
    <property name="java.io.tmpdir" value="/tmp"/>
    <property name="java.version" value="17.0.4"/>
    <property name="user.dir" value="/mnt/c/Users/mdias/OneDrive - Universidade de Aveiro/3º Ano/IES/IES_103415/lab1/lab1_2/MyWeatherRadar"/>
    <property name="os.arch" value="amd64"/>
    <property name="java.vm.specification.name" value="Java Virtual Machine Specification"/>
    <property name="native.encoding" value="UTF-8"/>
    <property name="java.library.path" value="/usr/java/packages/lib:/usr/lib/x86_64-linux-gnu/jni:/lib/x86_64-linux-gnu:/usr/lib/x86_64-linux-gnu:/usr/lib/jni:/lib:/usr/lib"/>
    <property name="java.vm.info" value="mixed mode, sharing"/>
    <property name="java.vendor" value="Private Build"/>
    <property name="java.vm.version" value="17.0.4+8-Ubuntu-120.04"/>
    <property name="sun.io.unicode.encoding" value="UnicodeLittle"/>
    <property name="java.class.version" value="61.0"/>
  </properties>
  <testcase name="shouldAnswerWithTrue" classname="com.WeatherRadar.app.AppTest" time="0.006"/>
</testsuite>